<?xml version="1.0" encoding="UTF-8"?>
<!-- Generated by org.testng.reporters.JUnitXMLReporter -->
<testsuite ignored="0" hostname="DESKTOP-LB6NNST" failures="0" tests="3" name="ChromeTest" time="33.228" errors="0" timestamp="2022-06-09T11:28:52 IST">
  <testcase classname="Test_classes.TestClass1" name="verfyUserCanGoToPDP" time="0.003"/>
  <testcase classname="Test_classes.TestClass1" name="verifyUserCanLogin" time="2.787"/>
  <testcase classname="Test_classes.TestClass1" name="verifyUserCanSearchProduct" time="0.118"/>
</testsuite> <!-- ChromeTest -->
