<?xml version="1.0" encoding="UTF-8"?>
<!-- Generated by org.testng.reporters.JUnitXMLReporter -->
<testsuite ignored="0" hostname="DESKTOP-LB6NNST" failures="0" tests="3" name="FirefoxTest" time="37.632" errors="0" timestamp="2022-06-09T11:29:30 IST">
  <testcase classname="Test_classes.TestClass1" name="verfyUserCanGoToPDP" time="0.001"/>
  <testcase classname="Test_classes.TestClass1" name="verifyUserCanLogin" time="1.542"/>
  <testcase classname="Test_classes.TestClass1" name="verifyUserCanSearchProduct" time="4.576"/>
</testsuite> <!-- FirefoxTest -->
